0 info it worked if it ends with ok
1 verbose cli [ 'C:\\Program Files\\nodejs\\node.exe',
1 verbose cli   'C:\\Users\\Narapol-PC\\AppData\\Roaming\\npm\\node_modules\\npm\\bin\\npm-cli.js',
1 verbose cli   'start' ]
2 info using npm@3.10.8
3 info using node@v4.6.0
4 verbose run-script [ 'prestart', 'start', 'poststart' ]
5 info lifecycle react-intro@1.0.0~prestart: react-intro@1.0.0
6 silly lifecycle react-intro@1.0.0~prestart: no script for prestart, continuing
7 info lifecycle react-intro@1.0.0~start: react-intro@1.0.0
8 verbose lifecycle react-intro@1.0.0~start: unsafe-perm in lifecycle true
9 verbose lifecycle react-intro@1.0.0~start: PATH: C:\Users\Narapol-PC\AppData\Roaming\npm\node_modules\npm\bin\node-gyp-bin;C:\Users\Narapol-PC\Desktop\frontech\src\react-intro\node_modules\.bin;C:\Windows\system32;C:\Windows;C:\WINDOWS\system32;C:\WINDOWS;C:\Program Files\nodejs\;C:\Program Files\Git\cmd;C:\Program Files\Java\jdk1.8.0_101\bin;C:\Program Files (x86)\Microsoft VS Code\bin;C:\Users\Narapol-PC\AppData\Local\Microsoft\WindowsApps;C:\Users\Narapol-PC\AppData\Roaming\npm
10 verbose lifecycle react-intro@1.0.0~start: CWD: C:\Users\Narapol-PC\Desktop\frontech\src\react-intro
11 silly lifecycle react-intro@1.0.0~start: Args: [ '/d /s /c', 'webpack-dev-server --content-base dist' ]
12 silly lifecycle react-intro@1.0.0~start: Returned: code: 3221225786  signal: null
13 info lifecycle react-intro@1.0.0~start: Failed to exec start script
14 verbose stack Error: react-intro@1.0.0 start: `webpack-dev-server --content-base dist`
14 verbose stack Exit status 3221225786
14 verbose stack     at EventEmitter.<anonymous> (C:\Users\Narapol-PC\AppData\Roaming\npm\node_modules\npm\lib\utils\lifecycle.js:255:16)
14 verbose stack     at emitTwo (events.js:87:13)
14 verbose stack     at EventEmitter.emit (events.js:172:7)
14 verbose stack     at ChildProcess.<anonymous> (C:\Users\Narapol-PC\AppData\Roaming\npm\node_modules\npm\lib\utils\spawn.js:40:14)
14 verbose stack     at emitTwo (events.js:87:13)
14 verbose stack     at ChildProcess.emit (events.js:172:7)
14 verbose stack     at maybeClose (internal/child_process.js:829:16)
14 verbose stack     at Process.ChildProcess._handle.onexit (internal/child_process.js:211:5)
15 verbose pkgid react-intro@1.0.0
16 verbose cwd C:\Users\Narapol-PC\Desktop\frontech\src\react-intro
17 error Windows_NT 10.0.14931
18 error argv "C:\\Program Files\\nodejs\\node.exe" "C:\\Users\\Narapol-PC\\AppData\\Roaming\\npm\\node_modules\\npm\\bin\\npm-cli.js" "start"
19 error node v4.6.0
20 error npm  v3.10.8
21 error code ELIFECYCLE
22 error react-intro@1.0.0 start: `webpack-dev-server --content-base dist`
22 error Exit status 3221225786
23 error Failed at the react-intro@1.0.0 start script 'webpack-dev-server --content-base dist'.
23 error Make sure you have the latest version of node.js and npm installed.
23 error If you do, this is most likely a problem with the react-intro package,
23 error not with npm itself.
23 error Tell the author that this fails on your system:
23 error     webpack-dev-server --content-base dist
23 error You can get information on how to open an issue for this project with:
23 error     npm bugs react-intro
23 error Or if that isn't available, you can get their info via:
23 error     npm owner ls react-intro
23 error There is likely additional logging output above.
24 verbose exit [ 1, true ]
